#
# There is insufficient memory for the Java Runtime Environment to continue.
# Native memory allocation (mmap) failed to map 532676608 bytes for G1 virtual space
# Possible reasons:
#   The system is out of physical RAM or swap space
#   The process is running with CompressedOops enabled, and the Java Heap may be blocking the growth of the native heap
# Possible solutions:
#   Reduce memory load on the system
#   Increase physical memory or swap space
#   Check if swap backing store is full
#   Decrease Java heap size (-Xmx/-Xms)
#   Decrease number of Java threads
#   Decrease Java thread stack sizes (-Xss)
#   Set larger code cache with -XX:ReservedCodeCacheSize=
#   JVM is running with Zero Based Compressed Oops mode in which the Java heap is
#     placed in the first 32GB address space. The Java Heap base address is the
#     maximum limit for the native heap growth. Please use -XX:HeapBaseMinAddress
#     to set the Java Heap base and to place the Java Heap above 32GB virtual address.
# This output file may be truncated or incomplete.
#
#  Out of Memory Error (os_windows.cpp:3829), pid=29036, tid=30648
#
# JRE version:  (17.0.8.1+7) (build )
# Java VM: OpenJDK 64-Bit Server VM (17.0.8.1+7-b1000.32, mixed mode, sharing, tiered, compressed oops, compressed class ptrs, g1 gc, windows-amd64)
# No core dump will be written. Minidumps are not enabled by default on client versions of Windows
#

---------------  S U M M A R Y ------------

Command Line: git4idea.http.GitAskPassApp Username for 'http://180.231.182.117:35001': 

Host: 12th Gen Intel(R) Core(TM) i7-12700H, 20 cores, 31G,  Windows 11 , 64 bit Build 26100 (10.0.26100.3323)
Time: Thu Mar 27 23:12:12 2025  Windows 11 , 64 bit Build 26100 (10.0.26100.3323) elapsed time: 2.038477 seconds (0d 0h 0m 2s)

---------------  T H R E A D  ---------------

Current thread (0x000001fd8314bf60):  JavaThread "Unknown thread" [_thread_in_vm, id=30648, stack(0x00000023cc300000,0x00000023cc400000)]

Stack: [0x00000023cc300000,0x00000023cc400000]
Native frames: (J=compiled Java code, j=interpreted, Vv=VM code, C=native code)
V  [jvm.dll+0x6852da]
V  [jvm.dll+0x844c84]
V  [jvm.dll+0x84659e]
V  [jvm.dll+0x846c03]
V  [jvm.dll+0x24b7cf]
V  [jvm.dll+0x682049]
V  [jvm.dll+0x67671a]
V  [jvm.dll+0x30be2b]
V  [jvm.dll+0x3132d6]
V  [jvm.dll+0x36302e]
V  [jvm.dll+0x36325f]
V  [jvm.dll+0x2e1f48]
V  [jvm.dll+0x2e2eb4]
V  [jvm.dll+0x815c11]
V  [jvm.dll+0x370df1]
V  [jvm.dll+0x7f4fdc]
V  [jvm.dll+0x3f3f1f]
V  [jvm.dll+0x3f5b31]
C  [jli.dll+0x528f]
C  [ucrtbase.dll+0x37b0]
C  [KERNEL32.DLL+0x2e8d7]
C  [ntdll.dll+0xbbf6c]


---------------  P R O C E S S  ---------------

Threads class SMR info:
_java_thread_list=0x00007ffe99ab00d8, length=0, elements={
}

Java Threads: ( => current thread )

Other Threads:
  0x000001fd831fa5f0 GCTaskThread "GC Thread#0" [stack: 0x00000023cc400000,0x00000023cc500000] [id=19720]
  0x000001fda9870cd0 ConcurrentGCThread "G1 Main Marker" [stack: 0x00000023cc500000,0x00000023cc600000] [id=32320]
  0x000001fd831fd1c0 ConcurrentGCThread "G1 Conc#0" [stack: 0x00000023cc600000,0x00000023cc700000] [id=18880]

[error occurred during error reporting (printing all threads), id 0xc0000005, EXCEPTION_ACCESS_VIOLATION (0xc0000005) at pc=0x00007ffe99262ab7]

VM state: not at safepoint (not fully initialized)

VM Mutex/Monitor currently owned by a thread:  ([mutex/lock_event])
[0x000001fd83147260] Heap_lock - owner thread: 0x000001fd8314bf60

Heap address: 0x0000000605c00000, size: 8100 MB, Compressed Oops mode: Zero based, Oop shift amount: 3

CDS archive(s) mapped at: [0x0000000000000000-0x0000000000000000-0x0000000000000000), size 0, SharedBaseAddress: 0x0000000800000000, ArchiveRelocationMode: 1.
Narrow klass base: 0x0000000000000000, Narrow klass shift: 0, Narrow klass range: 0x0

GC Precious Log:
<Empty>

Heap:
 garbage-first heap   total 0K, used 0K [0x0000000605c00000, 0x0000000800000000)
  region size 4096K, 0 young (0K), 0 survivors (0K)
 Metaspace       used 0K, committed 0K, reserved 0K
  class space    used 0K, committed 0K, reserved 0K

Heap Regions: E=young(eden), S=young(survivor), O=old, HS=humongous(starts), HC=humongous(continues), CS=collection set, F=free, OA=open archive, CA=closed archive, TAMS=top-at-mark-start (previous, next)

Card table byte_map: [0x000001fd97a70000,0x000001fd98a50000] _byte_map_base: 0x000001fd94a42000

Marking Bits (Prev, Next): (CMBitMap*) 0x000001fd831fac10, (CMBitMap*) 0x000001fd831fac50
 Prev Bits: [0x000001fd99a30000, 0x000001fda18c0000)
 Next Bits: [0x000001fda18c0000, 0x000001fda9750000)

GC Heap History (0 events):
No events

Dll operation events (1 events):
Event: 0.010 Loaded shared library C:\Program Files\JetBrains\IntelliJ IDEA 2023.2.4\jbr\bin\java.dll

Deoptimization events (0 events):
No events

Classes unloaded (0 events):
No events

Classes redefined (0 events):
No events

Internal exceptions (0 events):
No events

VM Operations (0 events):
No events

Events (0 events):
No events


Dynamic libraries:
0x00007ff69a3d0000 - 0x00007ff69a3da000 	C:\Program Files\JetBrains\IntelliJ IDEA 2023.2.4\jbr\bin\java.exe
0x00007fff60d40000 - 0x00007fff60fa3000 	C:\WINDOWS\SYSTEM32\ntdll.dll
0x00007fff5ff30000 - 0x00007fff5fff7000 	C:\WINDOWS\System32\KERNEL32.DLL
0x00007fff5e790000 - 0x00007fff5eb59000 	C:\WINDOWS\System32\KERNELBASE.dll
0x00007fff5e550000 - 0x00007fff5e69c000 	C:\WINDOWS\System32\ucrtbase.dll
0x00007fff454b0000 - 0x00007fff454c7000 	C:\Program Files\JetBrains\IntelliJ IDEA 2023.2.4\jbr\bin\jli.dll
0x00007fff60b00000 - 0x00007fff60cca000 	C:\WINDOWS\System32\USER32.dll
0x00007fff5e760000 - 0x00007fff5e787000 	C:\WINDOWS\System32\win32u.dll
0x00007fff60710000 - 0x00007fff6073a000 	C:\WINDOWS\System32\GDI32.dll
0x00007fff5e200000 - 0x00007fff5e331000 	C:\WINDOWS\System32\gdi32full.dll
0x00007fff5e150000 - 0x00007fff5e1f3000 	C:\WINDOWS\System32\msvcp_win.dll
0x00007fff3bd60000 - 0x00007fff3bff0000 	C:\WINDOWS\WinSxS\amd64_microsoft.windows.common-controls_6595b64144ccf1df_6.0.26100.3323_none_3e088096e3344490\COMCTL32.dll
0x00007fff5fde0000 - 0x00007fff5fe89000 	C:\WINDOWS\System32\msvcrt.dll
0x00007fff44260000 - 0x00007fff4427b000 	C:\Program Files\JetBrains\IntelliJ IDEA 2023.2.4\jbr\bin\VCRUNTIME140.dll
0x00007fff5fe90000 - 0x00007fff5febf000 	C:\WINDOWS\System32\IMM32.DLL
0x00007fff467a0000 - 0x00007fff467ac000 	C:\Program Files\JetBrains\IntelliJ IDEA 2023.2.4\jbr\bin\vcruntime140_1.dll
0x00007fff000a0000 - 0x00007fff0012d000 	C:\Program Files\JetBrains\IntelliJ IDEA 2023.2.4\jbr\bin\msvcp140.dll
0x00007ffe98f70000 - 0x00007ffe99bf3000 	C:\Program Files\JetBrains\IntelliJ IDEA 2023.2.4\jbr\bin\server\jvm.dll
0x00007fff60640000 - 0x00007fff606f2000 	C:\WINDOWS\System32\ADVAPI32.dll
0x00007fff5fd30000 - 0x00007fff5fdd6000 	C:\WINDOWS\System32\sechost.dll
0x00007fff5f6f0000 - 0x00007fff5f806000 	C:\WINDOWS\System32\RPCRT4.dll
0x00007fff5cb90000 - 0x00007fff5cbde000 	C:\WINDOWS\SYSTEM32\POWRPROF.dll
0x00007fff51be0000 - 0x00007fff51c16000 	C:\WINDOWS\SYSTEM32\WINMM.dll
0x00007fff55170000 - 0x00007fff5517b000 	C:\WINDOWS\SYSTEM32\VERSION.dll
0x00007fff56510000 - 0x00007fff5651a000 	C:\WINDOWS\SYSTEM32\WSOCK32.dll
0x00007fff607c0000 - 0x00007fff60834000 	C:\WINDOWS\System32\WS2_32.dll
0x00007fff5cb70000 - 0x00007fff5cb84000 	C:\WINDOWS\SYSTEM32\UMPDC.dll
0x00007fff5ce30000 - 0x00007fff5ce4a000 	C:\WINDOWS\SYSTEM32\kernel.appcore.dll
0x00007fff58340000 - 0x00007fff5834a000 	C:\Program Files\JetBrains\IntelliJ IDEA 2023.2.4\jbr\bin\jimage.dll
0x00007fff5b190000 - 0x00007fff5b3d1000 	C:\WINDOWS\SYSTEM32\DBGHELP.DLL
0x00007fff60000000 - 0x00007fff60382000 	C:\WINDOWS\System32\combase.dll
0x00007fff608c0000 - 0x00007fff60996000 	C:\WINDOWS\System32\OLEAUT32.dll
0x00007fff45030000 - 0x00007fff45069000 	C:\WINDOWS\SYSTEM32\dbgcore.DLL
0x00007fff5e340000 - 0x00007fff5e3d9000 	C:\WINDOWS\System32\bcryptPrimitives.dll
0x00007fff454d0000 - 0x00007fff454f5000 	C:\Program Files\JetBrains\IntelliJ IDEA 2023.2.4\jbr\bin\java.dll

dbghelp: loaded successfully - version: 4.0.5 - missing functions: none
symbol engine: initialized successfully - sym options: 0x614 - pdb path: .;C:\Program Files\JetBrains\IntelliJ IDEA 2023.2.4\jbr\bin;C:\WINDOWS\SYSTEM32;C:\WINDOWS\WinSxS\amd64_microsoft.windows.common-controls_6595b64144ccf1df_6.0.26100.3323_none_3e088096e3344490;C:\Program Files\JetBrains\IntelliJ IDEA 2023.2.4\jbr\bin\server

VM Arguments:
java_command: git4idea.http.GitAskPassApp Username for 'http://180.231.182.117:35001': 
java_class_path (initial): C:/Program Files/JetBrains/IntelliJ IDEA 2023.2.4/plugins/vcs-git/lib/git4idea-rt.jar;C:/Program Files/JetBrains/IntelliJ IDEA 2023.2.4/lib/externalProcess-rt.jar
Launcher Type: SUN_STANDARD

[Global flags]
     intx CICompilerCount                          = 12                                        {product} {ergonomic}
     uint ConcGCThreads                            = 4                                         {product} {ergonomic}
     uint G1ConcRefinementThreads                  = 15                                        {product} {ergonomic}
   size_t G1HeapRegionSize                         = 4194304                                   {product} {ergonomic}
    uintx GCDrainStackTargetSize                   = 64                                        {product} {ergonomic}
   size_t InitialHeapSize                          = 532676608                                 {product} {ergonomic}
   size_t MarkStackSize                            = 4194304                                   {product} {ergonomic}
   size_t MaxHeapSize                              = 8493465600                                {product} {ergonomic}
   size_t MinHeapDeltaBytes                        = 4194304                                   {product} {ergonomic}
   size_t MinHeapSize                              = 8388608                                   {product} {ergonomic}
    uintx NonNMethodCodeHeapSize                   = 7602480                                {pd product} {ergonomic}
    uintx NonProfiledCodeHeapSize                  = 122027880                              {pd product} {ergonomic}
    uintx ProfiledCodeHeapSize                     = 122027880                              {pd product} {ergonomic}
    uintx ReservedCodeCacheSize                    = 251658240                              {pd product} {ergonomic}
     bool SegmentedCodeCache                       = true                                      {product} {ergonomic}
   size_t SoftMaxHeapSize                          = 8493465600                             {manageable} {ergonomic}
     bool UseCompressedClassPointers               = true                           {product lp64_product} {ergonomic}
     bool UseCompressedOops                        = true                           {product lp64_product} {ergonomic}
     bool UseG1GC                                  = true                                      {product} {ergonomic}
     bool UseLargePagesIndividualAllocation        = false                                  {pd product} {ergonomic}

Logging:
Log output configuration:
 #0: stdout all=warning uptime,level,tags
 #1: stderr all=off uptime,level,tags

Environment Variables:
JAVA_HOME=C:\Program Files\Java\jdk1.8.0_202
PATH=C:\Program Files\Git\mingw64\libexec\git-core;C:\Program Files\Git\mingw64\libexec\git-core;C:\Program Files\Git\mingw64\bin;C:\Program Files\Git\usr\bin;C:\Users\CJ\bin;C:\Program Files\Java\jdk1.8.0_202\bin;C:\Program Files\Common Files\Oracle\Java\javapath;C:\Program Files (x86)\Common Files\Oracle\Java\javapath;C:\WINDOWS\system32;C:\WINDOWS;C:\WINDOWS\System32\Wbem;C:\WINDOWS\System32\WindowsPowerShell\v1.0;C:\WINDOWS\System32\OpenSSH;C:\Program Files\Bandizip;C:\Program Files\Git\cmd;C:\Users\CJ\AppData\Local\Programs\Python\Python310\Scripts;C:\Users\CJ\AppData\Local\Programs\Python\Python310;C:\ProgramData\anaconda3;C:\ProgramData\anaconda3\Scripts;C:\ProgramData\Anaconda3\Library\bin;C:\Program Files (x86)\NetSarang\Xshell 7;C:\Program Files\nodejs;C:\Program Files\TortoiseSVN\bin;C:\Program Files\Docker\Docker\resources\bin;C:\Program Files (x86)\NetSarang\Xftp 8;C:\Users\CJ\AppData\Local\Microsoft\WindowsApps;C:\Users\CJ\AppData\Local\Programs\Microsoft VS Code\bin;C:\Users\CJ\AppData\Local\Programs\Python\Python310\Scripts;C:\Users\CJ\AppData\Local\Programs\Python\Python310;C:\Users\CJ\AppData\Roaming\npm;C:\Program Files\JetBrains\IntelliJ IDEA 2023.2.4\bin
USERNAME=CJ
DISPLAY=:0.0
LC_ALL=en_US.UTF-8
TERM=xterm-256color
TMPDIR=C:\Users\CJ\AppData\Local\Temp
OS=Windows_NT
PROCESSOR_IDENTIFIER=Intel64 Family 6 Model 154 Stepping 3, GenuineIntel
TMP=C:\Users\CJ\AppData\Local\Temp
TEMP=C:\Users\CJ\AppData\Local\Temp


JNI global refs:
JNI global refs: 0, weak refs: 0

JNI global refs memory usage: 0, weak refs: 0

OOME stack traces (most recent first):
Classloader memory used:


---------------  S Y S T E M  ---------------

OS:
 Windows 11 , 64 bit Build 26100 (10.0.26100.3323)
OS uptime: 8 days 2:34 hours
Hyper-V role detected

CPU: total 20 (initial active 20) (10 cores per cpu, 2 threads per core) family 6 model 154 stepping 3 microcode 0x429, cx8, cmov, fxsr, ht, mmx, 3dnowpref, sse, sse2, sse3, ssse3, sse4.1, sse4.2, popcnt, lzcnt, tsc, tscinvbit, avx, avx2, aes, erms, clmul, bmi1, bmi2, adx, sha, fma, vzeroupper, clflush, clflushopt, clwb, hv
Processor Information for processor 0
  Max Mhz: 2300, Current Mhz: 1506, Mhz Limit: 2300
Processor Information for processor 1
  Max Mhz: 2300, Current Mhz: 1506, Mhz Limit: 2300
Processor Information for processor 2
  Max Mhz: 2300, Current Mhz: 2300, Mhz Limit: 2300
Processor Information for processor 3
  Max Mhz: 2300, Current Mhz: 2300, Mhz Limit: 2300
Processor Information for processor 4
  Max Mhz: 2300, Current Mhz: 2300, Mhz Limit: 2300
Processor Information for processor 5
  Max Mhz: 2300, Current Mhz: 2300, Mhz Limit: 2300
Processor Information for processor 6
  Max Mhz: 2300, Current Mhz: 2300, Mhz Limit: 2300
Processor Information for processor 7
  Max Mhz: 2300, Current Mhz: 2300, Mhz Limit: 2300
Processor Information for processor 8
  Max Mhz: 2300, Current Mhz: 2300, Mhz Limit: 2300
Processor Information for processor 9
  Max Mhz: 2300, Current Mhz: 1506, Mhz Limit: 2300
Processor Information for processor 10
  Max Mhz: 2300, Current Mhz: 1506, Mhz Limit: 2300
Processor Information for processor 11
  Max Mhz: 2300, Current Mhz: 2300, Mhz Limit: 2300
Processor Information for processor 12
  Max Mhz: 2300, Current Mhz: 2300, Mhz Limit: 2300
Processor Information for processor 13
  Max Mhz: 2300, Current Mhz: 1488, Mhz Limit: 2300
Processor Information for processor 14
  Max Mhz: 2300, Current Mhz: 1488, Mhz Limit: 2300
Processor Information for processor 15
  Max Mhz: 2300, Current Mhz: 1488, Mhz Limit: 2300
Processor Information for processor 16
  Max Mhz: 2300, Current Mhz: 1488, Mhz Limit: 2300
Processor Information for processor 17
  Max Mhz: 2300, Current Mhz: 1488, Mhz Limit: 2300
Processor Information for processor 18
  Max Mhz: 2300, Current Mhz: 1488, Mhz Limit: 2300
Processor Information for processor 19
  Max Mhz: 2300, Current Mhz: 1488, Mhz Limit: 2300

Memory: 4k page, system-wide physical 32386M (11840M free)
TotalPageFile size 69788M (AvailPageFile size 41M)
current process WorkingSet (physical memory assigned to process): 13M, peak: 13M
current process commit charge ("private bytes"): 75M, peak: 583M

vm_info: OpenJDK 64-Bit Server VM (17.0.8.1+7-b1000.32) for windows-amd64 JRE (17.0.8.1+7-b1000.32), built on 2023-09-15 by "builduser" with MS VC++ 16.10 / 16.11 (VS2019)

END.
