#
# There is insufficient memory for the Java Runtime Environment to continue.
# Native memory allocation (mmap) failed to map 532676608 bytes for G1 virtual space
# Possible reasons:
#   The system is out of physical RAM or swap space
#   The process is running with CompressedOops enabled, and the Java Heap may be blocking the growth of the native heap
# Possible solutions:
#   Reduce memory load on the system
#   Increase physical memory or swap space
#   Check if swap backing store is full
#   Decrease Java heap size (-Xmx/-Xms)
#   Decrease number of Java threads
#   Decrease Java thread stack sizes (-Xss)
#   Set larger code cache with -XX:ReservedCodeCacheSize=
#   JVM is running with Zero Based Compressed Oops mode in which the Java heap is
#     placed in the first 32GB address space. The Java Heap base address is the
#     maximum limit for the native heap growth. Please use -XX:HeapBaseMinAddress
#     to set the Java Heap base and to place the Java Heap above 32GB virtual address.
# This output file may be truncated or incomplete.
#
#  Out of Memory Error (os_windows.cpp:3829), pid=35644, tid=25668
#
# JRE version:  (17.0.8.1+7) (build )
# Java VM: OpenJDK 64-Bit Server VM (17.0.8.1+7-b1000.32, mixed mode, sharing, tiered, compressed oops, compressed class ptrs, g1 gc, windows-amd64)
# No core dump will be written. Minidumps are not enabled by default on client versions of Windows
#

---------------  S U M M A R Y ------------

Command Line: git4idea.http.GitAskPassApp Username for 'http://180.231.182.117:35001': 

Host: 12th Gen Intel(R) Core(TM) i7-12700H, 20 cores, 31G,  Windows 11 , 64 bit Build 26100 (10.0.26100.3323)
Time: Wed Apr 30 04:37:53 2025  Windows 11 , 64 bit Build 26100 (10.0.26100.3323) elapsed time: 1.038248 seconds (0d 0h 0m 1s)

---------------  T H R E A D  ---------------

Current thread (0x0000014188fec1c0):  JavaThread "Unknown thread" [_thread_in_vm, id=25668, stack(0x00000028dd200000,0x00000028dd300000)]

Stack: [0x00000028dd200000,0x00000028dd300000]
Native frames: (J=compiled Java code, j=interpreted, Vv=VM code, C=native code)
V  [jvm.dll+0x6852da]
V  [jvm.dll+0x844c84]
V  [jvm.dll+0x84659e]
V  [jvm.dll+0x846c03]
V  [jvm.dll+0x24b7cf]
V  [jvm.dll+0x682049]
V  [jvm.dll+0x67671a]
V  [jvm.dll+0x30be2b]
V  [jvm.dll+0x3132d6]
V  [jvm.dll+0x36302e]
V  [jvm.dll+0x36325f]
V  [jvm.dll+0x2e1f48]
V  [jvm.dll+0x2e2eb4]
V  [jvm.dll+0x815c11]
V  [jvm.dll+0x370df1]
V  [jvm.dll+0x7f4fdc]
V  [jvm.dll+0x3f3f1f]
V  [jvm.dll+0x3f5b31]
C  [jli.dll+0x528f]
C  [ucrtbase.dll+0x37b0]
C  [KERNEL32.DLL+0x2e8d7]
C  [ntdll.dll+0xbbf6c]


---------------  P R O C E S S  ---------------

Threads class SMR info:
_java_thread_list=0x00007ff8808200d8, length=0, elements={
}

Java Threads: ( => current thread )

Other Threads:
  0x000001418909a500 GCTaskThread "GC Thread#0" [stack: 0x00000028dd300000,0x00000028dd400000] [id=2272]
  0x00000141af7b0cd0 ConcurrentGCThread "G1 Main Marker" [stack: 0x00000028dd400000,0x00000028dd500000] [id=22656]
  0x000001418909c930 ConcurrentGCThread "G1 Conc#0" [stack: 0x00000028dd500000,0x00000028dd600000] [id=11788]

[error occurred during error reporting (printing all threads), id 0xc0000005, EXCEPTION_ACCESS_VIOLATION (0xc0000005) at pc=0x00007ff87ffd2ab7]

VM state: not at safepoint (not fully initialized)

VM Mutex/Monitor currently owned by a thread:  ([mutex/lock_event])
[0x0000014188fe6cc0] Heap_lock - owner thread: 0x0000014188fec1c0

Heap address: 0x0000000605c00000, size: 8100 MB, Compressed Oops mode: Zero based, Oop shift amount: 3

CDS archive(s) mapped at: [0x0000000000000000-0x0000000000000000-0x0000000000000000), size 0, SharedBaseAddress: 0x0000000800000000, ArchiveRelocationMode: 1.
Narrow klass base: 0x0000000000000000, Narrow klass shift: 0, Narrow klass range: 0x0

GC Precious Log:
<Empty>

Heap:
 garbage-first heap   total 0K, used 0K [0x0000000605c00000, 0x0000000800000000)
  region size 4096K, 0 young (0K), 0 survivors (0K)
 Metaspace       used 0K, committed 0K, reserved 0K
  class space    used 0K, committed 0K, reserved 0K

Heap Regions: E=young(eden), S=young(survivor), O=old, HS=humongous(starts), HC=humongous(continues), CS=collection set, F=free, OA=open archive, CA=closed archive, TAMS=top-at-mark-start (previous, next)

Card table byte_map: [0x000001419d9b0000,0x000001419e990000] _byte_map_base: 0x000001419a982000

Marking Bits (Prev, Next): (CMBitMap*) 0x000001418909ab20, (CMBitMap*) 0x000001418909ab60
 Prev Bits: [0x000001419f970000, 0x00000141a7800000)
 Next Bits: [0x00000141a7800000, 0x00000141af690000)

GC Heap History (0 events):
No events

Dll operation events (1 events):
Event: 0.009 Loaded shared library C:\Program Files\JetBrains\IntelliJ IDEA 2023.2.4\jbr\bin\java.dll

Deoptimization events (0 events):
No events

Classes unloaded (0 events):
No events

Classes redefined (0 events):
No events

Internal exceptions (0 events):
No events

VM Operations (0 events):
No events

Events (0 events):
No events


Dynamic libraries:
0x00007ff6d4ea0000 - 0x00007ff6d4eaa000 	C:\Program Files\JetBrains\IntelliJ IDEA 2023.2.4\jbr\bin\java.exe
0x00007ff949720000 - 0x00007ff949983000 	C:\WINDOWS\SYSTEM32\ntdll.dll
0x00007ff948420000 - 0x00007ff9484e7000 	C:\WINDOWS\System32\KERNEL32.DLL
0x00007ff946df0000 - 0x00007ff9471b9000 	C:\WINDOWS\System32\KERNELBASE.dll
0x00007ff9469d0000 - 0x00007ff946b1c000 	C:\WINDOWS\System32\ucrtbase.dll
0x00007ff8bbf20000 - 0x00007ff8bbf37000 	C:\Program Files\JetBrains\IntelliJ IDEA 2023.2.4\jbr\bin\jli.dll
0x00007ff90c600000 - 0x00007ff90c61b000 	C:\Program Files\JetBrains\IntelliJ IDEA 2023.2.4\jbr\bin\VCRUNTIME140.dll
0x00007ff9494f0000 - 0x00007ff9496ba000 	C:\WINDOWS\System32\USER32.dll
0x00007ff946c60000 - 0x00007ff946c87000 	C:\WINDOWS\System32\win32u.dll
0x00007ff948c80000 - 0x00007ff948caa000 	C:\WINDOWS\System32\GDI32.dll
0x00007ff946b20000 - 0x00007ff946c51000 	C:\WINDOWS\System32\gdi32full.dll
0x00007ff946920000 - 0x00007ff9469c3000 	C:\WINDOWS\System32\msvcp_win.dll
0x00007ff945b90000 - 0x00007ff945e20000 	C:\WINDOWS\WinSxS\amd64_microsoft.windows.common-controls_6595b64144ccf1df_6.0.26100.3323_none_3e088096e3344490\COMCTL32.dll
0x00007ff948340000 - 0x00007ff9483e9000 	C:\WINDOWS\System32\msvcrt.dll
0x00007ff9484f0000 - 0x00007ff94851f000 	C:\WINDOWS\System32\IMM32.DLL
0x00007ff93f850000 - 0x00007ff93f85c000 	C:\Program Files\JetBrains\IntelliJ IDEA 2023.2.4\jbr\bin\vcruntime140_1.dll
0x00007ff8f0890000 - 0x00007ff8f091d000 	C:\Program Files\JetBrains\IntelliJ IDEA 2023.2.4\jbr\bin\msvcp140.dll
0x00007ff87fce0000 - 0x00007ff880963000 	C:\Program Files\JetBrains\IntelliJ IDEA 2023.2.4\jbr\bin\server\jvm.dll
0x00007ff948530000 - 0x00007ff9485e2000 	C:\WINDOWS\System32\ADVAPI32.dll
0x00007ff947dc0000 - 0x00007ff947e66000 	C:\WINDOWS\System32\sechost.dll
0x00007ff948cb0000 - 0x00007ff948dc6000 	C:\WINDOWS\System32\RPCRT4.dll
0x00007ff946190000 - 0x00007ff9461de000 	C:\WINDOWS\SYSTEM32\POWRPROF.dll
0x00007ff93a950000 - 0x00007ff93a986000 	C:\WINDOWS\SYSTEM32\WINMM.dll
0x00007ff8fb570000 - 0x00007ff8fb57a000 	C:\WINDOWS\SYSTEM32\WSOCK32.dll
0x00007ff947c60000 - 0x00007ff947cd4000 	C:\WINDOWS\System32\WS2_32.dll
0x00007ff93c3e0000 - 0x00007ff93c3eb000 	C:\WINDOWS\SYSTEM32\VERSION.dll
0x00007ff946030000 - 0x00007ff946044000 	C:\WINDOWS\SYSTEM32\UMPDC.dll
0x00007ff944ea0000 - 0x00007ff944eba000 	C:\WINDOWS\SYSTEM32\kernel.appcore.dll
0x00007ff8fb560000 - 0x00007ff8fb56a000 	C:\Program Files\JetBrains\IntelliJ IDEA 2023.2.4\jbr\bin\jimage.dll
0x00007ff9461f0000 - 0x00007ff946431000 	C:\WINDOWS\SYSTEM32\DBGHELP.DLL
0x00007ff948f30000 - 0x00007ff9492b2000 	C:\WINDOWS\System32\combase.dll
0x00007ff9493c0000 - 0x00007ff949496000 	C:\WINDOWS\System32\OLEAUT32.dll
0x00007ff946050000 - 0x00007ff946089000 	C:\WINDOWS\SYSTEM32\dbgcore.DLL
0x00007ff946d50000 - 0x00007ff946de9000 	C:\WINDOWS\System32\bcryptPrimitives.dll
0x00007ff8b89d0000 - 0x00007ff8b89f5000 	C:\Program Files\JetBrains\IntelliJ IDEA 2023.2.4\jbr\bin\java.dll

dbghelp: loaded successfully - version: 4.0.5 - missing functions: none
symbol engine: initialized successfully - sym options: 0x614 - pdb path: .;C:\Program Files\JetBrains\IntelliJ IDEA 2023.2.4\jbr\bin;C:\WINDOWS\SYSTEM32;C:\WINDOWS\WinSxS\amd64_microsoft.windows.common-controls_6595b64144ccf1df_6.0.26100.3323_none_3e088096e3344490;C:\Program Files\JetBrains\IntelliJ IDEA 2023.2.4\jbr\bin\server

VM Arguments:
java_command: git4idea.http.GitAskPassApp Username for 'http://180.231.182.117:35001': 
java_class_path (initial): C:/Program Files/JetBrains/IntelliJ IDEA 2023.2.4/plugins/vcs-git/lib/git4idea-rt.jar;C:/Program Files/JetBrains/IntelliJ IDEA 2023.2.4/lib/externalProcess-rt.jar
Launcher Type: SUN_STANDARD

[Global flags]
     intx CICompilerCount                          = 12                                        {product} {ergonomic}
     uint ConcGCThreads                            = 4                                         {product} {ergonomic}
     uint G1ConcRefinementThreads                  = 15                                        {product} {ergonomic}
   size_t G1HeapRegionSize                         = 4194304                                   {product} {ergonomic}
    uintx GCDrainStackTargetSize                   = 64                                        {product} {ergonomic}
   size_t InitialHeapSize                          = 532676608                                 {product} {ergonomic}
   size_t MarkStackSize                            = 4194304                                   {product} {ergonomic}
   size_t MaxHeapSize                              = 8493465600                                {product} {ergonomic}
   size_t MinHeapDeltaBytes                        = 4194304                                   {product} {ergonomic}
   size_t MinHeapSize                              = 8388608                                   {product} {ergonomic}
    uintx NonNMethodCodeHeapSize                   = 7602480                                {pd product} {ergonomic}
    uintx NonProfiledCodeHeapSize                  = 122027880                              {pd product} {ergonomic}
    uintx ProfiledCodeHeapSize                     = 122027880                              {pd product} {ergonomic}
    uintx ReservedCodeCacheSize                    = 251658240                              {pd product} {ergonomic}
     bool SegmentedCodeCache                       = true                                      {product} {ergonomic}
   size_t SoftMaxHeapSize                          = 8493465600                             {manageable} {ergonomic}
     bool UseCompressedClassPointers               = true                           {product lp64_product} {ergonomic}
     bool UseCompressedOops                        = true                           {product lp64_product} {ergonomic}
     bool UseG1GC                                  = true                                      {product} {ergonomic}
     bool UseLargePagesIndividualAllocation        = false                                  {pd product} {ergonomic}

Logging:
Log output configuration:
 #0: stdout all=warning uptime,level,tags
 #1: stderr all=off uptime,level,tags

Environment Variables:
JAVA_HOME=C:\Program Files\Java\jdk1.8.0_202
PATH=C:\Program Files\Git\mingw64\libexec\git-core;C:\Program Files\Git\mingw64\libexec\git-core;C:\Program Files\Git\mingw64\bin;C:\Program Files\Git\usr\bin;C:\Users\CJ\bin;C:\Program Files\Java\jdk1.8.0_202\bin;C:\Program Files\Common Files\Oracle\Java\javapath;C:\Program Files (x86)\Common Files\Oracle\Java\javapath;C:\WINDOWS\system32;C:\WINDOWS;C:\WINDOWS\System32\Wbem;C:\WINDOWS\System32\WindowsPowerShell\v1.0;C:\WINDOWS\System32\OpenSSH;C:\Program Files\Bandizip;C:\Program Files\Git\cmd;C:\Users\CJ\AppData\Local\Programs\Python\Python310\Scripts;C:\Users\CJ\AppData\Local\Programs\Python\Python310;C:\ProgramData\anaconda3;C:\ProgramData\anaconda3\Scripts;C:\ProgramData\Anaconda3\Library\bin;C:\Program Files (x86)\NetSarang\Xshell 7;C:\Program Files\nodejs;C:\Program Files\TortoiseSVN\bin;C:\Program Files\Docker\Docker\resources\bin;C:\Program Files (x86)\NetSarang\Xftp 8;C:\Users\CJ\AppData\Local\Microsoft\WindowsApps;C:\Users\CJ\AppData\Local\Programs\Microsoft VS Code\bin;C:\Users\CJ\AppData\Local\Programs\Python\Python310\Scripts;C:\Users\CJ\AppData\Local\Programs\Python\Python310;C:\Users\CJ\AppData\Roaming\npm;C:\Program Files\JetBrains\IntelliJ IDEA 2023.2.4\bin
USERNAME=CJ
DISPLAY=:0.0
LC_ALL=en_US.UTF-8
TERM=xterm-256color
TMPDIR=C:\Users\CJ\AppData\Local\Temp
OS=Windows_NT
PROCESSOR_IDENTIFIER=Intel64 Family 6 Model 154 Stepping 3, GenuineIntel
TMP=C:\Users\CJ\AppData\Local\Temp
TEMP=C:\Users\CJ\AppData\Local\Temp


JNI global refs:
JNI global refs: 0, weak refs: 0

JNI global refs memory usage: 0, weak refs: 0

OOME stack traces (most recent first):
Classloader memory used:


---------------  S Y S T E M  ---------------

OS:
 Windows 11 , 64 bit Build 26100 (10.0.26100.3323)
OS uptime: 32 days 22:20 hours
Hyper-V role detected

CPU: total 20 (initial active 20) (10 cores per cpu, 2 threads per core) family 6 model 154 stepping 3 microcode 0x429, cx8, cmov, fxsr, ht, mmx, 3dnowpref, sse, sse2, sse3, ssse3, sse4.1, sse4.2, popcnt, lzcnt, tsc, tscinvbit, avx, avx2, aes, erms, clmul, bmi1, bmi2, adx, sha, fma, vzeroupper, clflush, clflushopt, clwb, hv
Processor Information for processor 0
  Max Mhz: 2300, Current Mhz: 2300, Mhz Limit: 2300
Processor Information for processor 1
  Max Mhz: 2300, Current Mhz: 1506, Mhz Limit: 2300
Processor Information for processor 2
  Max Mhz: 2300, Current Mhz: 2300, Mhz Limit: 2300
Processor Information for processor 3
  Max Mhz: 2300, Current Mhz: 1506, Mhz Limit: 2300
Processor Information for processor 4
  Max Mhz: 2300, Current Mhz: 2300, Mhz Limit: 2300
Processor Information for processor 5
  Max Mhz: 2300, Current Mhz: 1506, Mhz Limit: 2300
Processor Information for processor 6
  Max Mhz: 2300, Current Mhz: 2300, Mhz Limit: 2300
Processor Information for processor 7
  Max Mhz: 2300, Current Mhz: 2300, Mhz Limit: 2300
Processor Information for processor 8
  Max Mhz: 2300, Current Mhz: 2300, Mhz Limit: 2300
Processor Information for processor 9
  Max Mhz: 2300, Current Mhz: 2300, Mhz Limit: 2300
Processor Information for processor 10
  Max Mhz: 2300, Current Mhz: 2300, Mhz Limit: 2300
Processor Information for processor 11
  Max Mhz: 2300, Current Mhz: 2300, Mhz Limit: 2300
Processor Information for processor 12
  Max Mhz: 2300, Current Mhz: 1488, Mhz Limit: 2300
Processor Information for processor 13
  Max Mhz: 2300, Current Mhz: 2300, Mhz Limit: 2300
Processor Information for processor 14
  Max Mhz: 2300, Current Mhz: 1488, Mhz Limit: 2300
Processor Information for processor 15
  Max Mhz: 2300, Current Mhz: 1488, Mhz Limit: 2300
Processor Information for processor 16
  Max Mhz: 2300, Current Mhz: 1488, Mhz Limit: 2300
Processor Information for processor 17
  Max Mhz: 2300, Current Mhz: 1488, Mhz Limit: 2300
Processor Information for processor 18
  Max Mhz: 2300, Current Mhz: 1488, Mhz Limit: 2300
Processor Information for processor 19
  Max Mhz: 2300, Current Mhz: 1488, Mhz Limit: 2300

Memory: 4k page, system-wide physical 32386M (5949M free)
TotalPageFile size 69788M (AvailPageFile size 306M)
current process WorkingSet (physical memory assigned to process): 13M, peak: 13M
current process commit charge ("private bytes"): 75M, peak: 583M

vm_info: OpenJDK 64-Bit Server VM (17.0.8.1+7-b1000.32) for windows-amd64 JRE (17.0.8.1+7-b1000.32), built on 2023-09-15 by "builduser" with MS VC++ 16.10 / 16.11 (VS2019)

END.
